<?xml version="1.0" encoding="UTF-8"?>
<!-- Generated by org.testng.reporters.JUnitReportReporter -->
<testsuite hostname="TCLIN53" failures="0" tests="1" name="com.automation.restassured.Hamcrest_Matchers" time="3.676" errors="0" timestamp="2023-06-30T14:28:13 IST" skipped="0">
  <testcase classname="com.automation.restassured.Hamcrest_Matchers" name="ValidateResponse" time="3.676"/>
  <system-out/>
</testsuite> <!-- com.automation.restassured.Hamcrest_Matchers -->
