<?xml version="1.0" encoding="UTF-8"?>
<!-- Generated by org.testng.reporters.JUnitReportReporter -->
<testsuite hostname="TCLIN53" failures="0" tests="1" name="com.automation.restassured.PutRequestBDD" time="3.209" errors="0" timestamp="2023-06-30T11:49:19 IST" skipped="0">
  <testcase classname="com.automation.restassured.PutRequestBDD" name="putrequest" time="3.209"/>
  <system-out/>
</testsuite> <!-- com.automation.restassured.PutRequestBDD -->
