<?xml version="1.0" encoding="UTF-8"?>
<!-- Generated by org.testng.reporters.JUnitReportReporter -->
<testsuite hostname="TCLIN53" failures="0" tests="1" name="com.automation.restassured.PostRequestBDD" time="3.188" errors="0" timestamp="2023-06-30T11:46:13 IST" skipped="0">
  <testcase classname="com.automation.restassured.PostRequestBDD" name="postrequest" time="3.188"/>
  <system-out/>
</testsuite> <!-- com.automation.restassured.PostRequestBDD -->
